0
2305843009213626367
2305843009213626367
2305843009213626367
2305843009213626367
2305843009213626367
2305843009213622271
2305843009213626367
2305843009213626367
2305843009213626367
2305843009213626367
2305843009213626367
2305843009213626367
2305843009213626367
2305843009213626367
2305843009213626367
2305843009213626367
2305843009213622271
2305843009213626367
2305843009213626367
2305843009213626367
2305843009213622271
2305843009213626303
2305843009213626367
2305843009213626367
2305843009213626367
2305843009213626367
2305843009213626367
2305843009213626367
2305843009213626367
2305843009213626367
2305843009213626367
2305843009213626367
2305843009213626367
2269814212194662399
2305843009213626367
2305843009213626367
2305843009213626367
2305843009213626367
2305843009213626367
2305843009213626367
2305843009213626367
2305843009213626367
2305843009213626367
2305843009213626367
2287793426331531263
2305843009213626367
2305843009213626367
2305843009213626367
2305843009213626367
2305843009213626367
2305843009213364223
2305843009213626367
2241631506205434798
2305843009213626367
2305843009213626367
2305843009196849151
2305843009213626367
2305843009213626367
2305843009213626367
2305843009213626367
2305843009213626367
2305843009213626367
2305843009213626367
2305843009209432063
2305843009213626367
2305843009213626367
2305843009213626367
2305843009213626367
2305843009213622271
2305843009213626367
2305843009213626367
2305843009213626367
2305843009213626367
2305843009213626367
2305843009213626367
2305843009213626367
2287793426331531263
2305843009213626367
2305843009213626367
2305843009213626367
2305843009213626367
2304717109306783743
2305843009213626367
2241625147964522508
2305843009213626367
2305843009213626367
2305843009213626367
2305843009213626367
2305843009213626367
2305843009213626367
2305843009213626367
2305843009213626367
2305843009213626367
2305843009213626367
2296835809958885375
2305843009213626367
2305843009213626367
2305843009213626367
2305843009213626367
2305843009213626367
2305843009213626367
2305843009213626367
2305843009213626367
2305843009213626367
2305843009213626367
2305843009213626367
2305843009213626367
2305843009213626367
2305843009213626367
2305843009213626367
2305843009213626367
2305843009213626367
2305843009213626367
2305843009213626367
2305843009213626367
2305843009213626367
2305843009213626367
2305843009213626367
2305843009213626367
2305843009213626367
2305843009213626367
2305843009213626367
2305843009213626367
2305843009213626367
2305843009213626367
2305843009213626367
2305843009213626367
2305843009213626367
2305843009213626367
2305843009213626367
2305843009213626367
2305843009213626367
2305843009213626367
2305843009213626367
2305843009213626367
2305843009213626367
2305843009213626367
2305843009213626367
2305843009213626367
2305843009213626367
2305843009213626367
2305843009213626367
2305843009213626367
2305843009213626367
2305843009213626367
2305843009213626367
2305843009213626367
2305843009213626367
2305843009213626367
2305843009213626367
2305843009213622271
2305843009213626367
2305843009213626367
2305843009213626367
2305843009213626367
2305843009213626367
2305843009213626367
2305843009213626367
2305843007066142719
2305843009213626367
2305843009213626367
2305843009180071935
2305843009213626367
2305843009213626367
2305843009213626367
2305843009213626367
2305843009213626367
2305843009213626367
2305843009213626367
2305843009213626367
2305843009213626367
2305843009213626367
2305842987738789887
2305843009213626367
2305843009213626367
2305843009213626367
2305843009213626367
2305843009213626367
2305843009213626351
2305843009213626367
2305843009213626367
2305843009209432063
2305843009213626367
2305843009213626367
2305842987738789887
2305843009213626367
2305843009213626367
2305843009213626367
2305843009213626367
2305843009213626367
2305843009213626367
2305843009213626367
2305843009213626367
2305843009213626367
2242757406145831919
2305843009213626367
2305843009213626367
2305843009213626367
2305843009213626367
2269814212194662399
2305843009213626367
2305842987738789887
2305843009213626367
2305843009213626367
2305843009213626367
2305843009213626303
2305843009213626367
2305843009213626367
2305843009213626366
2305842992033757183
2305843009213626367
2305843009213626367
2305843009213626367
2305843009213626367
2305843009213626367
2305843009213626367
2305843008945190911
2305843009213626367
2305843009213626367
2305843009213626367
2305843009213626367
2305843009213626367
2305843009213626367
2305843009213626367
2305843009213626367
2305843009213626367
2305843009213626367
2305843009213626367
2305843009213626367
2305843009213626367
2305843009213626367
2305843009213626367
2305843009213626367
2305843009213626367
2305843009213626367
2305843009213622271
2305843009213626367
2305843009213626367
2305843009213626367
2305843009213622271
2305843009213626367
2305843009213626367
2305843009213626367
2305843009213626367
2305843009213626367
2305843009213626367
2305843009213626367
2305843009213626367
2305843009213626367
2305843009213626367
2305843009213626367
2305843009213626367
2305843009213626367
2305843009213626367
2305843009213626367
2305843009213626367
2305843009213626367
2305843009213626367
2305843009213626367
2305843009213626367
2305843009213626367
2305843009213626367
2305843009213626367
2305843009213626367
2305843009213626367
2305843009213626367
2305843009213626367
2305843009213626367
2305843009213626367
2305843009213626367
2305843009213626367
2305843009213626367
2305843009213626367
2305843009213626367
2305843009213626367
2305843009213626367
2305843009213626367
2305843009209432063
2305843009213626367
2305843009213626367
2305843009213626367
2305843009213626367
2305843009213626367
2305843009213626367
2305843009213626367
2305843009213626367
2305843009213626367
2305843009213626367
2305843009213626367
2305843009213626367
2305843009213626367
2304717109306783743
2305843009213626367
2305843009213626367
2305843009213626367
2305843009213626367
2305843009213626367
2305843009213626367
2287793426331531263
2305843009213626367
2305843009213626367
2305843009213626367
2305843009213626367
2305843009213626367
2305843009213626367
2305843009213626367
2305843009213622271
2305843009213626367
2305843009213626367
2305843009213626367
2305843009213626367
2305843009213626367
2305843009213626367
2305843009213626367
2305843009213622271
2305842987738789887
2305843009213626367
2305843009213626367
2305843009213626367
2305843009213626367
2305843009213626367
2305843009213626367
2305843009213626367
2305843009213626367
2305843009213626367
2305843009213626367
2305843009213626367
2305843009213626367
2305843009213626367
2305843009213626367
2305843009213626367
2305843009213626367
2296835809958885375
2305843009213626367
2304717109273229246
2305843009213626367
2305843009213626367
2305843009213626367
2305843009213626367
2305843009213622271
2305843009213626367
2269814212194662399
2305843009213626367
2305843009213626367
2305843009213622271
2305843009213626367
2305843009213626367
2305843009213626367
2305843009213626367
2305843009213626367
2305843009213626367
2305843009213626367
2305843009213626367
2305843009213626367
2305843009213626367
2305843009213626367
2305843009213626367
2305842987722012671
2305843009213626367
2305843009213626367
2305843009213626367
2305843009213626367
2305843009213626367
2305843009213626367
2305843009213626367
2305843009213626367
2305843009213626367
2305843009213626367
2305843009213626367
2305843009213626367
2305843009213626367
2305843009213626367
2305843009213626367
2305843009213626367
2305843009213626367
2305843009213626367
2305843009213626367
2305843009213626367
2305843009213626367
2305843009213626367
2305843009213626367
2305843009213626367
2305843009213626367
2305843009213626367
2305843009213626366
2305843009213626367
2305843009213626367
2305843009213626367
2305843009213626367
2305843009213626367
2305843009213626367
2305843009213626367
2305843009213626367
2305843009213626367
2305843009213626367
2305843009213626367
2305807824841537535
2305843009213626367
2305843009213626367
2305843009213626367
2305843009213626367
2305843009213626367
2305843009213626367
2305843009213626367
2305843007066142719
2305843009213626367
2305843009213626367
2305843009213626367
2305843009213626367
2305843009213622271
2305843009213626367
2305843009213626367
2305843009213626351
2305843009213626367
2305843009213626351
2305843009213626367
2305843009213626367
2305843009213626367
2305843009213626367
2305843009213626367
2305843009213626367
2305843009213626367
2305843009213626367
2305843009213626367
2305843009213626367
2305843009213626367
2305843009213626367
2305843009213622271
2305843009213626367
2305843009213626367
2305843009213626367
2305843009213626367
2305843009213626351
2305843009213626367
2305843009213626367
2305843009213626367
2305843009213626367
2305843009213626367
2305843009213626367
2305843009213626367
2305843009213626367
2305843009213626367
2305843009213626367
2305843009213626367
2305843009213626367
2305843009213626367
2305843009213626367
2305843009213626366
2305843009213626367
2305843009213626367
2305843009213626367
2305843009213626367
2251764627160622063
2305843009213626367
2305843009213626367
2305843009213626367
2305843009213626367
2305843009213626303
2305843009213626367
2305843009213626367
2305843009213626367
2305843009213626367
2305843009213626367
2305843009213626367
2305843009213626367
2305843009213626367
2305843009213626367
2305843009213626367
2305843009213626367
2305843009213626367
2305843009213626367
2251764629312304127
2305843009213626367
2305843009213626367
2305843009213626367
2305843009213626367
2305843009213626367
2305843009213626367
2305843009213626367
2305843009213626367
2305843009213626367
2305843009213626367
2305843009213626367
2305843009213626367
2305843009213626367
2305843009213626367
2305843009213626367
2305843009213626367
2305843009213626367
2305843009213626367
2305843009213626367
2305843009213626367
2305843009213626367
2305843009213626367
2305843009213626367
2305843009213626367
2305843009213626367
2305843009213626367
2305843009213626367
2305843009213626367
2305843009213626367
2305843009213626367
2305843009213626367
2305843009209432063
2305843009213626367
2305843009213626367
2305843009213626367
2305843009213626367
2305843009213626367
2305843009213626367
2305843009213626367
2305843009213626367
2305843009213626367
2296835809958885375
2305843009213626367
2287828610703620095
2305843009213626367
2305843009213626367
2305843009213626367
2305843009213626367
2304717109306783743
2305843009213626367
2305843009213626367
2305843009213626367
2305843009213626367
2305843009213626367
2305843009213626367
2305843009213626367
2305843009213626367
2305843009213626367
2305843009213626367
2305843009213626367
2305843009213626367
2305843009213626367
2305843009213626367
2305843009213626367
2305843009213626367
2305843009213626367
2305843009209432063
2305843009213626367
2305843009213626367
2305843009213626367
2305843009213626367
2305843009213626367
2305843009213626367
2305843009213626367
2305843009213626367
2305843009213626367
2305843009213626367
146589640203214880
2305843009213626367
2305843009213626367
2305843009213626367
2305843009213626367
2305843009213626367
2305843009213626367
2305843009213626367
2305843009213626367
2305843009209432063
2305843009213626367
2305843009213626367
2305843009213626367
2305843009213626367
2305843009213626367
2304717109306783678
2305843009213626367
2305843009213626367
2305843009213626367
2305843009213626367
2305842987738789887
2305843009213626367
2305843009213626367
2305843009213626367
2287793426331531263
2305843009213626367
2305843009213626367
2305843009213626367
2305843009213626367
2305843009213626367
2305843009213626367
2305843009213626367
2305843009213626367
2305843009213626367
2305843009213626351
2305843009213626367
2305842987738789887
2305843009213626367
2305843009213626367
2305843009213626367
2305843009213626303
2305843009213626367
2305843009213626367
2305843009213626367
2305843009213626367
2305843009213626367
2305843009213626367
2305843009213626367
2305843009213626367
2305843009213626367
2305843009213626367
2305843009213626367
2305843009213626367
2305843009209432063
2305843009213626367
2305843009213626367
2305843009213626367
2305843009213626367
2305843009213626367
2305843009213626367
2305843009213626367
2305843009213626367
2305843009213626367
2305843009213626367
2305843009213626367
2305843009213626367
2305843009213626367
2305843009213622271
2305843009213626367
2305843009213626367
2305843009213626367
2296835809958885375
2305843009213626367
146589640203214880
2305843009213626367
2305843009213626367
2305843009213626367
2305843009213626367
2305843009213626367
2305843009213626367
2305843009213626367
2305843009213626367
2305843009213626367
2305843009213626367
2305843009213626367
2305843009213626367
2305843009209432063
2305843009213626367
2305843009213626367
2305843009213626367
2305843009213626367
2305843009196849151
2305843009213626367
2305843009213626367
2305843009213626367
2305843009213626367
2305843009213626367
2305843009213626367
2305843009213626367
2305843009213626367
2305843009213626367
2305843009213626367
2305843009213626367
2305843009213622271
2305843009213626367
2305843009213626367
2305843009213626367
2305843009213626367
2305843009213626367
2305843009213626367
2305843009213626367
2305843009213626303
2305843009213626367
2305843009213626367
2305842992033757183
2305843009213626367
2305843009213626367
2305843009213626367
2287828610703620095
2305843009213626367
2305843009213626367
2305843009213626367
2305843009213626367
2305843009180071935
2305843009213626367
2305843009213626367
2296835809958885375
2305843009213626367
2305843009213626367
2305843009213626367
2305843009213626367
2305843009213626367
2305843009213626367
2305843009213626367
2305843009213626367
2305843009209432063
2305843009213626367
2305843008945190911
2305843009213626367
2305843009213626367
2305843009213626367
2305843009213626367
2305843009213626367
2305843009213626367
2305843009213626367
2305843009213626367
2305843009213626367
2305843009213626367
2305843009213626367
2305843009213626367
2305843009213626367
2305843009213626367
2305843009213626367
2305843009213626366
2305843009213626367
2305843009213626367
2305843009213626367
2305843009213626367
2305843009213626367
2305843009213626367
2305843009213626367
2305843009213626367
2305843009213626367
2251764627164820479
2305843009213626367
2305843009213626367
2305843009213626367
2305843009213626367
2305843009213626367
2305843009213626367
2305843009213626367
2305843009213626367
2305843009213626367
2269814212194661375
2305843009213626367
2241631058989818400
2305843009213626367
2305843009213626367
2305843009213626367
2305843009213626367
2305843009213626367
2305843009213626367
2305843009213626367
2305843009213626367
2305843009213626367
2305843009213626367
2305843009213626367
2305843009213626367
2305843009213626367
2305843009213626367
2305843009213626367
2305843007066142719
2305843009213626367
2305843009213626367
2305843009213626367
2305843009213626367
2305843009213626367
2305843009213626367
2305843009213626367
2305843009213626367
2305843009213626367
2305843009213626367
2305843009213626367
2305843009213626367
2305843009213626367
2305843009213626367
2305843009213626367
2305843009213626367
2305843009213626367
2305843009213626367
2305843009213626367
2305843009213626367
2305843009213626367
2305843009213626367
2305843009213626367
2305843009213626367
2305843009213626367
2305843009213626367
2305843009213626367
2305843009213626367
2305843009213626367
2305843009213626367
2305843009213626367
2305843009213626303
2305843009213626367
2305843009213626367
2305843009213626367
2305843009213626367
2305843009213626367
2305843009213626367
2305843009213626367
2305843009213626367
2305843009213626367
2305843009196849151
2305843009213626367
2305843009213622271
2305843009213626367
2305843009209432047
2305843009213626367
2305843009213626367
2305843009213626367
2305843009213626367
2305843009213626367
2305843009213626367
2305843009213626367
2305843009213626367
2305843009213626367
2305843009213626367
2305843009213626367
2304717109306783743
2305843009213626367
2305843009213626367
2305843009213626367
2305843007066142719
2305843009213622271
2305843009213626367
2305843009213626367
2305843009213626367
2305843009213622271
2305843009213625343
2305843009213626367
2305843009213626367
2305843009213626367
2305843009213626367
2305843009213626366
2305843009213626367
2305843009213626367
2305843009213626367
2305843009213626367
2305843009213626367
2305843009213626367
2305843009213626367
2305843009213626367
2305843009196849151
2305843009213626367
2305843009213626367
2305843009213626367
2305843009213626367
2305842987738789887
2305843009213626367
2305843009213626367
2305843009213626367
2305843009213626367
2305843009213626367
2305843009213626367
2305843009213622271
2305843009213626367
2305843009213626367
2305843009213626367
2305843009213626367
2305843009213626367
2305843009213626367
2305843009213626367
2305843009213626367
2305843009213626367
2305843009213626367
2305843009213626367
2305843009213626367
2305843009213626367
2305843009213626367
2305843009213626367
2305843009213626367
2305843009213626367
2305843009213626367
2305843009213626367
2305843009213626367
2305843009213626367
2305843009213626367
2305843009213626367
2296835809958885375
2305843009213626366
2305843009213626367
2305843009213364223
2305843009213626367
2305843009213626367
2305843009213626367
2305843009213626367
2305843009213626367
2305843009213626367
2305843009213626367
2305843009213626367
2304717109306783678
2305843009213626367
2305843009213626367
2305843009213626367
2305843009213622271
2305843009213626367
2305843009213626367
2305843009213626367
2305843009213626367
2305843009213626367
2305843009213626367
2305843009213626367
2305843009213626367
2305843009213626367
2305843009213626367
2296835809958885375
2305843009213626367
2241631506205434790
2305843009213622271
2305843009213626367
2305843009213626367
2305843009213626367
2305843009213626367
2305843009213626367
2305843009213626367
2305843009213626367
2305843009213626367
2305843009213626303
2304717109306783743
2305843009213626367
2305843009213626367
2305843009213626367
2305843009213626367
2305843009213626367
2305843009213626367
2305843009213626367
2305843009213626367
2305843009213626367
2305843009213626367
2305843009213626367
2305843009213626367
2305843009213626367
2305843009213626367
2305843009213626367
2305843009213626367
2305843009213626367
2305843009213626367
2305843009213626367
2305843009213626367
2305843009213626367
2305843009213626367
2305843009213626367
2305843009213626367
2305843009213626367
2305843009213626366
2305843009213626367
2305843009213626367
2305843009213626367
2305843009213626367
2305843009213626367
2305843009213626367
2305843009213626367
2305843009213626367
2305843009213626367
2305843009213626367
2305843009213626367
2305843009213626367
2305843009213626367
2305843009213626367
2305843009213626367
2305843009213626367
2305843009213626367
2305843009213626367
2305843009213626367
2305843009213626367
2305843009213622271
2305843009213626367
2305843009213626367
2305843009213626367
2305843009213622271
2305843009213626367
2305843009213626367
2305843009213626367
2305843009213626367
2305843009213626367
2305843009213626367
2305843009213626367
2305843009213626367
2305843009213626367
2305843009213626367
2305843009213626367
2305843009213626367
2305843009213626367
2305843009213626367
2305843009213626367
2305843009213626367
2305843009213364223
2305843009213626367
2305843009213626367
2305843009213626367
2305843009213626367
2305843009213626367
2305843009213626367
2305843009213626367
2305843009213626367
2305843009213626367
2305843009213626367
2305843009213626367
2305843009213626367
2305843009213626367
2305843009213626367
2305843009213626367
2305843008945190911
2305843009213626367
2305843009213626367
2305843009213626367
2305843009213626367
2305843009213626367
2305843009213626367
2305843009213626367
2305843009213626367
2305843009213626367
2305843009213626367
2305843009213626367
2305843009213626367
2305843009213626367
2305843009213626367
2305843009213622271
2305842987453577215
