10000008
9999998
9999974
9999930
9999860
9999758
9999618
9999434
9999200
9998910
9998558
9998138
9997644
9997070
9996410
9995658
9994808
9993854
9992789
9991609
9990307
9988877
9999658
9997954
9996104
9994102
9991942
9989618
9999469
9996799
9993947
9990907
9987673
9996584
9992944
9989091
9997366
9993072
9988548
9996133
9991131
9998226
9992722
9999303
9993273
9999316
9992736
9998217
9991063
9995958
9988205
9992490
9996461
9987767
9991092
9994085
9996740
9999051
9988667
9990272
9991515
9992390
9992891
9993011
9992746
9992089
9991034
9989575
9987706
9997766
9995059
9991924
9988355
9996691
9992235
9999673
9994308
9988479
9994525
9987750
9992838
9997438
9989199
9992804
9995904
9998492
9988217
9989763
9990779
9991259
9991196
9990586
9989422
9987698
9997753
9994890
9991450
9999771
9995156
0
