376044411
202228489
198325567
232442865
344857454
534108346
153325511
786659822
294246408
136837307
623583626
603229322
849794827
722062619
204792057
186347484
514500212
37804827
201386851
647707293
911285773
47129025
973192424
144981738
1002186955
42215837
789133357
631077713
105514923
361214029
157610364
860683215
787803138
519101521
1177204
816299694
84144737
746061546
20500507
357098538
177092431
863615331
794248452
377059543
613688803
20174229
314316099
362275824
44983770
120614051
920168314
659204147
638912
746861767
417030016
483803997
655913990
188571449
561807454
363572888
292815318
684626140
29102512
552629334
205234603
716245375
83959785
548979781
533879133
517055860
433943032
854295867
123831667
781554429
559400071
778602272
52531078
566853776
378960059
279413732
255151197
853869130
794370266
569236449
996353416
408288494
226124539
908787485
555796914
982132961
909007552
702915432
377677323
263280017
200142688
998593599
228721111
251297811
275971955
954822352
874359415
363006479
460424039
963801271
275799952
418861388
708391982
516605685
620626030
664999522
407142900
5361512
27233069
529115399
827430844
228796998
359829449
782578618
89414698
32363570
688836405
634780246
8096254
306283302
260825087
93831567
169937147
306348633
86139857
951627364
63985581
129104283
612503617
599923340
961915517
497702875
322751213
747978945
555349788
286418418
750330499
949759504
729363222
325830834
203814207
332646108
155112830
717726241
540922229
105181654
835091085
134807679
331857402
461600765
749798460
480176420
596341218
500866962
445556658
379504303
449623857
666041665
297685900
16497359
244486133
630614341
385523272
42421718
578046140
702241443
87329581
850005022
36937960
139808989
586875140
622364369
154225706
346177289
178373419
165755557
276060709
798223390
318217797
122391428
842007413
543124174
314902641
887864766
587692341
131741708
712529995
855746377
584317927
235253631
398890298
721894763
999714766
803132698
929994150
122712243
602773641
804612094
964208825
142900898
778301867
650487062
567663090
421907415
379110025
70171961
729632725
670052821
160604782
51945462
817816273
86157041
893488378
701409507
462723505
417469493
787924970
966718771
28360347
44470402
335100589
116934604
685518044
95914531
735228552
848365547
576963354
387345772
142983234
2735300
542476243
291781245
74880397
286250637
42227029
795458775
726114375
663870243
115493050
352668242
152794128
786915831
418249194
357192082
202446547
232294737
899328831
747482635
301357828
406406057
724069716
45974168
41137384
861617221
691139394
119439082
973629062
108488929
564232225
666228062
511737030
389454897
450875025
169163576
599749666
601519894
144197969
776885024
649639808
295173025
8223173
360684167
47584435
505240978
553808744
599748070
757440130
951330286
300326309
579157376
546085453
373175470
276959498
598753819
448253381
648411603
317036651
287226982
879486221
722284012
759468448
472157649
698568961
163584444
241860747
563633035
205574129
76176126
38955701
677367364
769194773
228456233
344593176
396492339
662010180
711055870
97385171
59064070
755633696
870627653
778930652
531719337
278544422
752309243
620822801
402293320
352609484
328626347
417937961
616139359
342338835
310771110
140127358
844943173
504865951
8886963
948481478
807041708
873088890
396036197
532652663
744079589
850087894
138650848
810620409
337650007
911365866
514070049
570930871
996205408
76323419
81403252
445259782
787432400
470320256
489502558
526526314
589505730
14515150
242567648
256148771
423265326
128401056
64333390
424642546
2198467
813468738
983924522
659641256
138595919
293399941
185020676
637377336
499835372
740563631
149339368
673199890
818973492
490852188
656030474
94083492
851225072
356451188
594970222
680305346
720692240
756014600
555113580
580285708
1003150063
206606802
59445640
919998504
303872940
492238084
649557392
937281599
577726792
257564576
43846954
759565591
365732109
979124039
328857466
486395175
479524077
565641030
500560484
377630293
195096713
74415221
737781313
112217814
49879272
570911064
532859532
952467557
778248269
947166040
964388426
860431266
128759968
481380409
319643622
380901295
85362272
519491711
2587711
775774081
426416337
644388136
905839089
43249445
599181195
772225496
188381621
975396211
788103022
29533335
830273020
221297366
471423746
930994709
123865738
42344603
3993356
361287657
83835900
453193424
847651595
156460995
202347174
768228798
436327219
290300960
589940605
911221797
433058234
471425635
908984085
39366258
986447944
700266337
618922597
93686137
481451688
987425535
4724423
640541362
855076264
125351312
183785175
385395293
456847836
274956519
996106798
470875573
517638730
77416922
62776763
736799706
881041839
714510216
517918508
559243328
721314135
473916324
103751197
226988449
814419539
426747955
422653353
8927691
263156250
836260425
327714890
850604689
505258352
764376590
158690767
433072311
